<?xml version="1.0" encoding="UTF-8"?>
<!-- Generated by org.testng.reporters.JUnitReportReporter -->
<testsuite hostname="DESKTOP-5S4BVUO" failures="0" tests="1" name="com.vtiger.assignmentTest.TC_22to25_CheckBoxTest" time="16.028" errors="0" timestamp="2022-05-18T11:53:12 IST" skipped="0">
  <testcase classname="com.vtiger.assignmentTest.TC_22to25_CheckBoxTest" name="tC_22to25_CheckBoxTest" time="16.028"/>
  <system-out/>
</testsuite> <!-- com.vtiger.assignmentTest.TC_22to25_CheckBoxTest -->
