<?xml version="1.0" encoding="UTF-8"?>
<!-- Generated by org.testng.reporters.JUnitReportReporter -->
<testsuite hostname="DESKTOP-5S4BVUO" failures="0" tests="2" name="com.vtiger.campaignTest.CreateCampaignTest" time="37.470" errors="0" timestamp="2022-05-26T15:44:18 IST" skipped="0">
  <testcase classname="com.vtiger.campaignTest.CreateCampaignTest" name="createCampaignTest" time="18.624"/>
  <system-out/>
  <testcase classname="com.vtiger.campaignTest.CreateCampaignTest" name="createCampaignTest" time="18.846"/>
  <system-out/>
</testsuite> <!-- com.vtiger.campaignTest.CreateCampaignTest -->
