<?xml version="1.0" encoding="UTF-8"?>
<!-- Generated by org.testng.reporters.JUnitReportReporter -->
<testsuite hostname="DESKTOP-5S4BVUO" failures="0" tests="1" name="com.vtiger.organisationTest.CreateOrganisationwithIndusryandTypeusingUtilsTest" time="16.839" errors="0" timestamp="2022-05-17T20:23:35 IST" skipped="0">
  <testcase classname="com.vtiger.organisationTest.CreateOrganisationwithIndusryandTypeusingUtilsTest" name="createOrganisationwithIndusryandTypeusingUtilsTest" time="16.839"/>
  <system-out/>
</testsuite> <!-- com.vtiger.organisationTest.CreateOrganisationwithIndusryandTypeusingUtilsTest -->
