<?xml version="1.0" encoding="UTF-8"?>
<!-- Generated by org.testng.reporters.JUnitReportReporter -->
<testsuite hostname="DESKTOP-5S4BVUO" failures="0" tests="2" name="com.vtiger.productTest.CreateProductTest" time="42.593" errors="0" timestamp="2022-05-26T15:44:18 IST" skipped="0">
  <testcase classname="com.vtiger.productTest.CreateProductTest" name="createProduct1Test" time="20.810"/>
  <system-out/>
  <testcase classname="com.vtiger.productTest.CreateProductTest" name="createProduct1Test" time="21.783"/>
  <system-out/>
</testsuite> <!-- com.vtiger.productTest.CreateProductTest -->
