<?xml version="1.0" encoding="UTF-8"?>
<!-- Generated by org.testng.reporters.JUnitReportReporter -->
<testsuite hostname="DESKTOP-5S4BVUO" failures="0" tests="2" name="com.vtiger.campaignTest.CreateCampaignwithProductTest" time="66.350" errors="0" timestamp="2022-05-26T15:44:18 IST" skipped="0">
  <testcase classname="com.vtiger.campaignTest.CreateCampaignwithProductTest" name="createCampaignwithProductTest" time="31.851"/>
  <system-out/>
  <testcase classname="com.vtiger.campaignTest.CreateCampaignwithProductTest" name="createCampaignwithProductTest" time="34.499"/>
  <system-out/>
</testsuite> <!-- com.vtiger.campaignTest.CreateCampaignwithProductTest -->
