<?xml version="1.0" encoding="UTF-8"?>
<!-- Generated by org.testng.reporters.JUnitReportReporter -->
<testsuite hostname="DESKTOP-5S4BVUO" failures="0" tests="5" name="com.vtiger.practice.TestNGPractice" time="0.012" errors="0" timestamp="2022-05-18T16:13:06 IST" skipped="0">
  <testcase classname="com.vtiger.practice.TestNGPractice" name="testNGPractice" time="0.001"/>
  <system-out>
    <![CDATA[admin4  root4]]>
  </system-out>
  <testcase classname="com.vtiger.practice.TestNGPractice" name="testNGPractice" time="0.002"/>
  <system-out>
    <![CDATA[admin3  root3]]>
  </system-out>
  <testcase classname="com.vtiger.practice.TestNGPractice" name="testNGPractice" time="0.001"/>
  <system-out>
    <![CDATA[admin5  root5]]>
  </system-out>
  <testcase classname="com.vtiger.practice.TestNGPractice" name="testNGPractice" time="0.006"/>
  <system-out>
    <![CDATA[admin1  root1]]>
  </system-out>
  <testcase classname="com.vtiger.practice.TestNGPractice" name="testNGPractice" time="0.002"/>
  <system-out>
    <![CDATA[admin2  root2]]>
  </system-out>
</testsuite> <!-- com.vtiger.practice.TestNGPractice -->
