<?xml version="1.0" encoding="UTF-8"?>
<!-- Generated by org.testng.reporters.JUnitReportReporter -->
<testsuite hostname="DESKTOP-5S4BVUO" failures="0" tests="1" name="com.vtiger.organisationTest.CreateOrganization1Test" time="16.161" errors="0" timestamp="2022-05-17T20:01:57 IST" skipped="0">
  <testcase classname="com.vtiger.organisationTest.CreateOrganization1Test" name="createOrganization1Test" time="16.161"/>
  <system-out/>
</testsuite> <!-- com.vtiger.organisationTest.CreateOrganization1Test -->
