<?xml version="1.0" encoding="UTF-8"?>
<!-- Generated by org.testng.reporters.JUnitReportReporter -->
<testsuite hostname="DESKTOP-5S4BVUO" failures="0" tests="1" name="com.vtiger.practice.PracticeTest" time="0.008" errors="0" timestamp="2022-05-16T17:29:04 IST" skipped="0">
  <testcase classname="com.vtiger.practice.PracticeTest" name="practiceTest" time="0.008"/>
  <system-out>
    <![CDATA[practice Test1]]>
  </system-out>
</testsuite> <!-- com.vtiger.practice.PracticeTest -->
