<?xml version="1.0" encoding="UTF-8"?>
<!-- Generated by org.testng.reporters.JUnitReportReporter -->
<testsuite hostname="DESKTOP-5S4BVUO" failures="0" tests="1" name="com.vtiger.contactTest.CreateContactwithOrganisationusingUtilityTest" time="32.251" errors="0" timestamp="2022-05-17T20:51:28 IST" skipped="0">
  <testcase classname="com.vtiger.contactTest.CreateContactwithOrganisationusingUtilityTest" name="createContactwithOrganisationusingUtilityTest" time="32.251"/>
  <system-out/>
</testsuite> <!-- com.vtiger.contactTest.CreateContactwithOrganisationusingUtilityTest -->
