<?xml version="1.0" encoding="UTF-8"?>
<!-- Generated by org.testng.reporters.JUnitReportReporter -->
<testsuite hostname="DESKTOP-5S4BVUO" failures="0" tests="1" name="com.vtiger.assignmentTest.TC_21_CreateContactTest" time="15.295" errors="0" timestamp="2022-05-19T10:24:29 IST" skipped="0">
  <testcase classname="com.vtiger.assignmentTest.TC_21_CreateContactTest" name="tC_21_CreateContact" time="15.295"/>
  <system-out/>
</testsuite> <!-- com.vtiger.assignmentTest.TC_21_CreateContactTest -->
