<?xml version="1.0" encoding="UTF-8"?>
<!-- Generated by org.testng.reporters.JUnitReportReporter -->
<testsuite hostname="DESKTOP-5S4BVUO" failures="0" tests="1" name="com.vtiger.assignmentTest.TC_16_ViewContatTest" time="8.249" errors="0" timestamp="2022-05-18T10:55:54 IST" skipped="0">
  <testcase classname="com.vtiger.assignmentTest.TC_16_ViewContatTest" name="tC_16_ViewContatTest" time="8.249"/>
  <system-out/>
</testsuite> <!-- com.vtiger.assignmentTest.TC_16_ViewContatTest -->
