<?xml version="1.0" encoding="UTF-8"?>
<!-- Generated by org.testng.reporters.JUnitReportReporter -->
<testsuite hostname="DESKTOP-5S4BVUO" failures="0" tests="1" name="com.vtiger.campaignTest.CreateCampaign1Test" time="14.356" errors="0" timestamp="2022-05-17T20:01:07 IST" skipped="0">
  <testcase classname="com.vtiger.campaignTest.CreateCampaign1Test" name="createCampaign1Test" time="14.356"/>
  <system-out/>
</testsuite> <!-- com.vtiger.campaignTest.CreateCampaign1Test -->
