<?xml version="1.0" encoding="UTF-8"?>
<!-- Generated by org.testng.reporters.JUnitReportReporter -->
<testsuite hostname="DESKTOP-5S4BVUO" failures="0" tests="1" name="com.vtiger.productTest.CreateProduct1Test" time="16.174" errors="0" timestamp="2022-05-17T20:06:11 IST" skipped="0">
  <testcase classname="com.vtiger.productTest.CreateProduct1Test" name="createProduct1Test" time="16.174"/>
  <system-out/>
</testsuite> <!-- com.vtiger.productTest.CreateProduct1Test -->
