<?xml version="1.0" encoding="UTF-8"?>
<!-- Generated by org.testng.reporters.JUnitReportReporter -->
<testsuite hostname="DESKTOP-5S4BVUO" failures="0" tests="2" name="com.vtiger.organisationTest.CreateOrganizationTest" time="37.695" errors="0" timestamp="2022-05-26T15:44:18 IST" skipped="0">
  <testcase classname="com.vtiger.organisationTest.CreateOrganizationTest" name="createOrganizationTest" time="20.707"/>
  <system-out/>
  <testcase classname="com.vtiger.organisationTest.CreateOrganizationTest" name="createOrganizationTest" time="16.988"/>
  <system-out/>
</testsuite> <!-- com.vtiger.organisationTest.CreateOrganizationTest -->
