<?xml version="1.0" encoding="UTF-8"?>
<!-- Generated by org.testng.reporters.JUnitReportReporter -->
<testsuite hostname="DESKTOP-5S4BVUO" failures="0" tests="2" name="com.vtiger.organisationTest.CreateOrganisationwithIndusryandTypeTest" time="47.580" errors="0" timestamp="2022-05-26T15:44:18 IST" skipped="0">
  <testcase classname="com.vtiger.organisationTest.CreateOrganisationwithIndusryandTypeTest" name="createOrganisationwithIndusryandTypeTest" time="22.258"/>
  <system-out/>
  <testcase classname="com.vtiger.organisationTest.CreateOrganisationwithIndusryandTypeTest" name="createOrganisationwithIndusryandTypeTest" time="25.322"/>
  <system-out/>
</testsuite> <!-- com.vtiger.organisationTest.CreateOrganisationwithIndusryandTypeTest -->
