<?xml version="1.0" encoding="UTF-8"?>
<!-- Generated by org.testng.reporters.JUnitReportReporter -->
<testsuite hostname="DESKTOP-5S4BVUO" failures="0" tests="1" name="com.vtiger.contactTest.CreateContactTest" time="12.450" errors="0" timestamp="2022-05-26T15:47:00 IST" skipped="0">
  <testcase classname="com.vtiger.contactTest.CreateContactTest" name="createContactTest" time="12.450"/>
  <system-out/>
</testsuite> <!-- com.vtiger.contactTest.CreateContactTest -->
