<?xml version="1.0" encoding="UTF-8"?>
<!-- Generated by org.testng.reporters.JUnitReportReporter -->
<testsuite hostname="DESKTOP-5S4BVUO" failures="0" tests="1" name="com.vtiger.contactTest.CreateContact1Test" time="16.573" errors="0" timestamp="2022-05-17T19:56:46 IST" skipped="0">
  <testcase classname="com.vtiger.contactTest.CreateContact1Test" name="createContact1Test" time="16.573"/>
  <system-out/>
</testsuite> <!-- com.vtiger.contactTest.CreateContact1Test -->
