<?xml version="1.0" encoding="UTF-8"?>
<!-- Generated by org.testng.reporters.JUnitReportReporter -->
<testsuite hostname="DESKTOP-5S4BVUO" failures="0" tests="1" name="com.vtiger.assignmentTest.TC_17_ViewCntactTest" time="20.981" errors="0" timestamp="2022-05-18T11:43:28 IST" skipped="0">
  <testcase classname="com.vtiger.assignmentTest.TC_17_ViewCntactTest" name="tC_17_ViewCntactTest" time="20.981"/>
  <system-out/>
</testsuite> <!-- com.vtiger.assignmentTest.TC_17_ViewCntactTest -->
