<?xml version="1.0" encoding="UTF-8"?>
<!-- Generated by org.testng.reporters.JUnitReportReporter -->
<testsuite hostname="DESKTOP-5S4BVUO" failures="0" tests="1" name="com.vtiger.assignmentTest.TC_21_CreateContact" time="16.865" errors="0" timestamp="2022-05-18T11:49:18 IST" skipped="0">
  <testcase classname="com.vtiger.assignmentTest.TC_21_CreateContact" name="tC_21_CreateContact" time="16.865"/>
  <system-out/>
</testsuite> <!-- com.vtiger.assignmentTest.TC_21_CreateContact -->
