<?xml version="1.0" encoding="UTF-8"?>
<!-- Generated by org.testng.reporters.JUnitReportReporter -->
<testsuite hostname="DESKTOP-5S4BVUO" failures="0" tests="2" name="com.vtiger.documentTest.CreateDocumentTest" time="46.834" errors="0" timestamp="2022-05-26T15:44:18 IST" skipped="0">
  <testcase classname="com.vtiger.documentTest.CreateDocumentTest" name="createDocumentTest" time="26.038"/>
  <system-out/>
  <testcase classname="com.vtiger.documentTest.CreateDocumentTest" name="createDocumentTest" time="20.796"/>
  <system-out/>
</testsuite> <!-- com.vtiger.documentTest.CreateDocumentTest -->
