<?xml version="1.0" encoding="UTF-8"?>
<!-- Generated by org.testng.reporters.JUnitReportReporter -->
<testsuite hostname="DESKTOP-5S4BVUO" failures="0" tests="1" name="com.vtiger.practice.CreateContactsusingExcelFileTest" time="19.674" errors="0" timestamp="2022-05-16T17:38:07 IST" skipped="0">
  <testcase classname="com.vtiger.practice.CreateContactsusingExcelFileTest" name="createContactsusingExcelFileTest" time="19.674"/>
  <system-out/>
</testsuite> <!-- com.vtiger.practice.CreateContactsusingExcelFileTest -->
