<?xml version="1.0" encoding="UTF-8"?>
<!-- Generated by org.testng.reporters.JUnitReportReporter -->
<testsuite hostname="DESKTOP-5S4BVUO" failures="0" tests="2" name="com.vtiger.contactTest.CreateContactwithOrganisationTest" time="63.325" errors="0" timestamp="2022-05-26T15:44:18 IST" skipped="0">
  <testcase classname="com.vtiger.contactTest.CreateContactwithOrganisationTest" name="createContactwithOrganisationTest" time="30.574"/>
  <system-out/>
  <testcase classname="com.vtiger.contactTest.CreateContactwithOrganisationTest" name="createContactwithOrganisationTest" time="32.751"/>
  <system-out/>
</testsuite> <!-- com.vtiger.contactTest.CreateContactwithOrganisationTest -->
